---------------------------------------------------------------
[ 2022-11-10T01:56:24+03:00 ] 172.31.39.51 104.131.15.214 GET /
[ info ] www.mopawa.co.ke/ [运行时间：0.019159s][吞吐率：52.19req/s] [内存消耗：1,870.26kb] [文件加载：112]
[ info ] [ LANG ] /data/wwwroot/cdb/thinkphp/lang/zh-cn.php
[ info ] [ LANG ] /data/wwwroot/cdb/public/../application/lang/zh-cn.php
[ info ] [ ROUTE ] array (
  'type' => 'module',
  'module' => 
  array (
    0 => '',
    1 => NULL,
    2 => NULL,
  ),
)
[ info ] [ HEADER ] array (
  'accept-encoding' => 'gzip',
  'referer' => 'http://44.240.60.24/',
  'accept' => '*/*',
  'user-agent' => 'Mozilla/5.0 zgrab/0.x',
  'host' => 'www.mopawa.co.ke',
  'content-type' => '',
  'content-length' => '',
)
[ info ] [ PARAM ] array (
)
[ info ] [ RUN ] app\index\controller\Index->index[ /data/wwwroot/cdb/application/index/controller/Index.php ]
[ info ] [ LOG ] INIT File
---------------------------------------------------------------
[ 2022-11-10T02:41:14+03:00 ] 172.31.39.51 192.241.212.122 GET /owa/auth/logon.aspx
[ info ] 13.245.77.239/owa/auth/logon.aspx [运行时间：0.021371s][吞吐率：46.79req/s] [内存消耗：1,918.75kb] [文件加载：114]
[ info ] [ LANG ] /data/wwwroot/cdb/thinkphp/lang/zh-cn.php
[ info ] [ LANG ] /data/wwwroot/cdb/public/../application/lang/zh-cn.php
[ info ] [ ROUTE ] array (
  'type' => 'module',
  'module' => 
  array (
    0 => 'owa',
    1 => 'auth',
    2 => 'logon.aspx',
  ),
)
[ info ] [ HEADER ] array (
  'accept-encoding' => 'gzip',
  'accept' => '*/*',
  'user-agent' => 'Mozilla/5.0 zgrab/0.x',
  'host' => '13.245.77.239',
  'content-type' => '',
  'content-length' => '',
)
[ info ] [ PARAM ] array (
)
[ info ] [ LOG ] INIT File
---------------------------------------------------------------
[ 2022-11-10T03:05:26+03:00 ] 172.31.39.51 109.206.243.162 GET /explore
[ info ] 13.245.77.239/explore [运行时间：0.020048s][吞吐率：49.88req/s] [内存消耗：1,918.90kb] [文件加载：114]
[ info ] [ LANG ] /data/wwwroot/cdb/thinkphp/lang/zh-cn.php
[ info ] [ LANG ] /data/wwwroot/cdb/public/../application/lang/zh-cn.php
[ info ] [ ROUTE ] array (
  'type' => 'module',
  'module' => 
  array (
    0 => 'explore',
    1 => NULL,
    2 => NULL,
  ),
)
[ info ] [ HEADER ] array (
  'connection' => 'close',
  'accept-encoding' => 'gzip',
  'accept-charset' => 'utf-8',
  'user-agent' => 'Mozilla/3.01Gold (Win95; I)',
  'host' => '13.245.77.239',
  'content-type' => '',
  'content-length' => '',
)
[ info ] [ PARAM ] array (
)
[ info ] [ LOG ] INIT File
---------------------------------------------------------------
[ 2022-11-10T03:12:46+03:00 ] 172.31.39.51 192.241.210.196 GET /ecp/Current/exporttool/microsoft.exchange.ediscovery.exporttool.application
[ info ] 13.245.77.239/ecp/Current/exporttool/microsoft.exchange.ediscovery.exporttool.application [运行时间：0.020828s][吞吐率：48.01req/s] [内存消耗：1,919.13kb] [文件加载：114]
[ info ] [ LANG ] /data/wwwroot/cdb/thinkphp/lang/zh-cn.php
[ info ] [ LANG ] /data/wwwroot/cdb/public/../application/lang/zh-cn.php
[ info ] [ ROUTE ] array (
  'type' => 'module',
  'module' => 
  array (
    0 => 'ecp',
    1 => 'Current',
    2 => 'exporttool',
  ),
)
[ info ] [ HEADER ] array (
  'accept-encoding' => 'gzip',
  'accept' => '*/*',
  'user-agent' => 'Mozilla/5.0 zgrab/0.x',
  'host' => '13.245.77.239',
  'content-type' => '',
  'content-length' => '',
)
[ info ] [ PARAM ] array (
)
[ info ] [ LOG ] INIT File
---------------------------------------------------------------
[ 2022-11-10T04:25:26+03:00 ] 172.31.39.51 194.55.186.126 GET /explore
[ info ] 13.245.77.239/explore [运行时间：0.021044s][吞吐率：47.52req/s] [内存消耗：1,919.41kb] [文件加载：114]
[ info ] [ LANG ] /data/wwwroot/cdb/thinkphp/lang/zh-cn.php
[ info ] [ LANG ] /data/wwwroot/cdb/public/../application/lang/zh-cn.php
[ info ] [ ROUTE ] array (
  'type' => 'module',
  'module' => 
  array (
    0 => 'explore',
    1 => NULL,
    2 => NULL,
  ),
)
[ info ] [ HEADER ] array (
  'connection' => 'close',
  'accept-encoding' => 'gzip',
  'accept-charset' => 'utf-8',
  'user-agent' => 'Mozilla/5.0 (iPhone; U; CPU iPhone OS 4_3 like Mac OS X; de-de) AppleWebKit/533.17.9 (KHTML, like Gecko) Mobile/8F190',
  'host' => '13.245.77.239',
  'content-type' => '',
  'content-length' => '',
)
[ info ] [ PARAM ] array (
)
[ info ] [ LOG ] INIT File
---------------------------------------------------------------
[ 2022-11-10T04:49:08+03:00 ] 172.31.39.51 192.241.192.222 GET /
[ info ] 13.245.77.239/ [运行时间：0.019982s][吞吐率：50.04req/s] [内存消耗：1,869.95kb] [文件加载：112]
[ info ] [ LANG ] /data/wwwroot/cdb/thinkphp/lang/zh-cn.php
[ info ] [ LANG ] /data/wwwroot/cdb/public/../application/lang/zh-cn.php
[ info ] [ ROUTE ] array (
  'type' => 'module',
  'module' => 
  array (
    0 => '',
    1 => NULL,
    2 => NULL,
  ),
)
[ info ] [ HEADER ] array (
  'accept-encoding' => 'gzip',
  'accept' => '*/*',
  'user-agent' => 'Mozilla/5.0 zgrab/0.x',
  'host' => '13.245.77.239',
  'content-type' => '',
  'content-length' => '',
)
[ info ] [ PARAM ] array (
)
[ info ] [ RUN ] app\index\controller\Index->index[ /data/wwwroot/cdb/application/index/controller/Index.php ]
[ info ] [ LOG ] INIT File
---------------------------------------------------------------
[ 2022-11-10T04:55:23+03:00 ] 172.31.39.51 198.235.24.4 GET /
[ info ] cbd.mopawa.co.ke/ [运行时间：0.019886s][吞吐率：50.29req/s] [内存消耗：1,869.91kb] [文件加载：112]
[ info ] [ LANG ] /data/wwwroot/cdb/thinkphp/lang/zh-cn.php
[ info ] [ LANG ] /data/wwwroot/cdb/public/../application/lang/zh-cn.php
[ info ] [ ROUTE ] array (
  'type' => 'module',
  'module' => 
  array (
    0 => '',
    1 => NULL,
    2 => NULL,
  ),
)
[ info ] [ HEADER ] array (
  'user-agent' => 'Expanse indexes customers’ network perimeters. If you have any questions or concerns, please reach out to: scaninfo@expanseinc.com.',
  'host' => 'cbd.mopawa.co.ke',
  'content-type' => '',
  'content-length' => '',
)
[ info ] [ PARAM ] array (
)
[ info ] [ RUN ] app\index\controller\Index->index[ /data/wwwroot/cdb/application/index/controller/Index.php ]
[ info ] [ LOG ] INIT File
---------------------------------------------------------------
[ 2022-11-10T04:58:12+03:00 ] 172.31.39.51 152.89.196.211 GET /?XDEBUG_SESSION_START=phpstorm
[ info ] 13.245.77.239:443/?XDEBUG_SESSION_START=phpstorm [运行时间：0.019785s][吞吐率：50.54req/s] [内存消耗：1,871.43kb] [文件加载：112]
[ info ] [ LANG ] /data/wwwroot/cdb/thinkphp/lang/zh-cn.php
[ info ] [ LANG ] /data/wwwroot/cdb/public/../application/lang/zh-cn.php
[ info ] [ ROUTE ] array (
  'type' => 'module',
  'module' => 
  array (
    0 => '',
    1 => NULL,
    2 => NULL,
  ),
)
[ info ] [ HEADER ] array (
  'connection' => 'close',
  'accept-encoding' => 'gzip',
  'user-agent' => 'Mozilla/5.0 (Windows NT 10.0; Win64; x64) AppleWebKit/537.36 (KHTML, like Gecko) Chrome/78.0.3904.108 Safari/537.36',
  'host' => '13.245.77.239:443',
  'content-type' => '',
  'content-length' => '',
)
[ info ] [ PARAM ] array (
  'XDEBUG_SESSION_START' => 'phpstorm',
)
[ info ] [ RUN ] app\index\controller\Index->index[ /data/wwwroot/cdb/application/index/controller/Index.php ]
[ info ] [ LOG ] INIT File
---------------------------------------------------------------
[ 2022-11-10T04:58:27+03:00 ] 172.31.39.51 64.62.197.31 GET /
[ info ] 13.245.77.239/ [运行时间：0.020040s][吞吐率：49.90req/s] [内存消耗：1,870.26kb] [文件加载：112]
[ info ] [ LANG ] /data/wwwroot/cdb/thinkphp/lang/zh-cn.php
[ info ] [ LANG ] /data/wwwroot/cdb/public/../application/lang/zh-cn.php
[ info ] [ ROUTE ] array (
  'type' => 'module',
  'module' => 
  array (
    0 => '',
    1 => NULL,
    2 => NULL,
  ),
)
[ info ] [ HEADER ] array (
  'accept-encoding' => 'gzip',
  'accept' => '*/*',
  'user-agent' => 'Mozilla/5.0 (Windows NT 10.0; Win64; x64) AppleWebKit/537.36 (KHTML, like Gecko) Chrome/104.0.0.0 Safari/537.36',
  'host' => '13.245.77.239',
  'content-type' => '',
  'content-length' => '',
)
[ info ] [ PARAM ] array (
)
[ info ] [ RUN ] app\index\controller\Index->index[ /data/wwwroot/cdb/application/index/controller/Index.php ]
[ info ] [ LOG ] INIT File
---------------------------------------------------------------
[ 2022-11-10T05:06:24+03:00 ] 172.31.39.51 64.62.197.19 GET /favicon.ico
[ info ] 13.245.77.239/favicon.ico [运行时间：0.027896s][吞吐率：35.85req/s] [内存消耗：1,918.82kb] [文件加载：114]
[ info ] [ LANG ] /data/wwwroot/cdb/thinkphp/lang/zh-cn.php
[ info ] [ LANG ] /data/wwwroot/cdb/public/../application/lang/zh-cn.php
[ info ] [ ROUTE ] array (
  'type' => 'module',
  'module' => 
  array (
    0 => 'favicon.ico',
    1 => NULL,
    2 => NULL,
  ),
)
[ info ] [ HEADER ] array (
  'accept-encoding' => 'gzip',
  'accept' => '*/*',
  'user-agent' => 'Mozilla/5.0 (Windows NT 10.0; Win64; x64; rv:107.0) Gecko/20100101 Firefox/107.0',
  'host' => '13.245.77.239',
  'content-type' => '',
  'content-length' => '',
)
[ info ] [ PARAM ] array (
)
[ info ] [ LOG ] INIT File
---------------------------------------------------------------
[ 2022-11-10T06:06:19+03:00 ] 172.31.39.51 192.241.192.66 GET /owa/auth/logon.aspx?url=https%3a%2f%2f1%2fecp%2f
[ info ] 13.245.77.239/owa/auth/logon.aspx?url=https%3a%2f%2f1%2fecp%2f [运行时间：0.020079s][吞吐率：49.80req/s] [内存消耗：1,919.25kb] [文件加载：114]
[ info ] [ LANG ] /data/wwwroot/cdb/thinkphp/lang/zh-cn.php
[ info ] [ LANG ] /data/wwwroot/cdb/public/../application/lang/zh-cn.php
[ info ] [ ROUTE ] array (
  'type' => 'module',
  'module' => 
  array (
    0 => 'owa',
    1 => 'auth',
    2 => 'logon.aspx',
  ),
)
[ info ] [ HEADER ] array (
  'accept-encoding' => 'gzip',
  'accept' => '*/*',
  'user-agent' => 'Mozilla/5.0 zgrab/0.x',
  'host' => '13.245.77.239',
  'content-type' => '',
  'content-length' => '',
)
[ info ] [ PARAM ] array (
  'url' => 'https://1/ecp/',
)
[ info ] [ LOG ] INIT File
---------------------------------------------------------------
[ 2022-11-10T06:44:48+03:00 ] 172.31.39.51 196.201.214.206 POST /app/callback/complatedValidation
[ info ] cdb.mopawa.co.ke/app/callback/complatedValidation [运行时间：0.031969s][吞吐率：31.28req/s] [内存消耗：3,147.91kb] [文件加载：131]
[ info ] [ LANG ] /data/wwwroot/cdb/thinkphp/lang/zh-cn.php
[ info ] [ LANG ] /data/wwwroot/cdb/public/../application/lang/zh-cn.php
[ info ] [ ROUTE ] array (
  'type' => 'module',
  'module' => 
  array (
    0 => 'app',
    1 => 'callback',
    2 => 'complatedValidation',
  ),
)
[ info ] [ HEADER ] array (
  'content-length' => '446',
  'host' => 'cdb.mopawa.co.ke',
  'cache-control' => 'no-store',
  'content-type' => 'application/json;charset=UTF-8',
)
[ info ] [ PARAM ] array (
  'TransactionType' => 'Pay Bill',
  'TransID' => 'QKA5MFOAGD',
  'TransTime' => '20221110064448',
  'TransAmount' => '100.00',
  'BusinessShortCode' => '444333',
  'BillRefNumber' => '22746745',
  'InvoiceNumber' => '',
  'OrgAccountBalance' => '',
  'ThirdPartyTransID' => '',
  'MSISDN' => '2547 ***** 578',
  'FirstName' => 'JOSPHAT',
)
[ info ] [ DB ] INIT mysql
[ info ] [ CACHE ] INIT redis
[ info ] [ RUN ] app\app\controller\Callback->complatedValidation[ /data/wwwroot/cdb/application/app/controller/Callback.php ]
[ info ] [ LOG ] INIT File
---------------------------------------------------------------
[ 2022-11-10T06:48:24+03:00 ] 172.31.39.51 164.90.166.58 GET /
[ info ] www.mopawa.co.ke/ [运行时间：0.020111s][吞吐率：49.72req/s] [内存消耗：1,870.27kb] [文件加载：112]
[ info ] [ LANG ] /data/wwwroot/cdb/thinkphp/lang/zh-cn.php
[ info ] [ LANG ] /data/wwwroot/cdb/public/../application/lang/zh-cn.php
[ info ] [ ROUTE ] array (
  'type' => 'module',
  'module' => 
  array (
    0 => '',
    1 => NULL,
    2 => NULL,
  ),
)
[ info ] [ HEADER ] array (
  'accept-encoding' => 'gzip',
  'referer' => 'http://44.240.60.24/',
  'accept' => '*/*',
  'user-agent' => 'Mozilla/5.0 zgrab/0.x',
  'host' => 'www.mopawa.co.ke',
  'content-type' => '',
  'content-length' => '',
)
[ info ] [ PARAM ] array (
)
[ info ] [ RUN ] app\index\controller\Index->index[ /data/wwwroot/cdb/application/index/controller/Index.php ]
[ info ] [ LOG ] INIT File
---------------------------------------------------------------
[ 2022-11-10T08:21:06+03:00 ] 172.31.39.51 34.78.6.216 GET /
[ info ] 13.245.77.239/ [运行时间：0.021938s][吞吐率：45.58req/s] [内存消耗：1,872.91kb] [文件加载：112]
[ info ] [ LANG ] /data/wwwroot/cdb/thinkphp/lang/zh-cn.php
[ info ] [ LANG ] /data/wwwroot/cdb/public/../application/lang/zh-cn.php
[ info ] [ ROUTE ] array (
  'type' => 'module',
  'module' => 
  array (
    0 => '',
    1 => NULL,
    2 => NULL,
  ),
)
[ info ] [ HEADER ] array (
  'x-datadog-sampling-priority' => '0',
  'x-datadog-parent-id' => '7191766349668900492',
  'x-datadog-trace-id' => '8585760460896266829',
  'connection' => 'keep-alive',
  'accept' => '*/*',
  'accept-encoding' => 'gzip, deflate',
  'user-agent' => 'python-requests/2.28.1',
  'host' => '13.245.77.239',
  'content-type' => '',
  'content-length' => '',
)
[ info ] [ PARAM ] array (
)
[ info ] [ RUN ] app\index\controller\Index->index[ /data/wwwroot/cdb/application/index/controller/Index.php ]
[ info ] [ LOG ] INIT File
---------------------------------------------------------------
[ 2022-11-10T08:59:22+03:00 ] 172.31.39.51 139.59.31.5 GET /
[ info ] www.mopawa.co.ke/ [运行时间：0.019433s][吞吐率：51.46req/s] [内存消耗：1,870.80kb] [文件加载：112]
[ info ] [ LANG ] /data/wwwroot/cdb/thinkphp/lang/zh-cn.php
[ info ] [ LANG ] /data/wwwroot/cdb/public/../application/lang/zh-cn.php
[ info ] [ ROUTE ] array (
  'type' => 'module',
  'module' => 
  array (
    0 => '',
    1 => NULL,
    2 => NULL,
  ),
)
[ info ] [ HEADER ] array (
  'connection' => 'keep-alive',
  'accept' => '*/*',
  'accept-encoding' => 'gzip, deflate',
  'user-agent' => 'Mozilla/5.0 (Windows NT 10.0; Win64; x64) AppleWebKit/537.36 (KHTML, like Gecko) Chrome/74.0.3729.169 Safari/537.36',
  'host' => 'www.mopawa.co.ke',
  'content-type' => '',
  'content-length' => '',
)
[ info ] [ PARAM ] array (
)
[ info ] [ RUN ] app\index\controller\Index->index[ /data/wwwroot/cdb/application/index/controller/Index.php ]
[ info ] [ LOG ] INIT File
---------------------------------------------------------------
[ 2022-11-10T10:17:19+03:00 ] 172.31.39.51 154.209.125.119 GET /
[ info ] 13.245.77.239:443/ [运行时间：0.020617s][吞吐率：48.50req/s] [内存消耗：1,870.19kb] [文件加载：112]
[ info ] [ LANG ] /data/wwwroot/cdb/thinkphp/lang/zh-cn.php
[ info ] [ LANG ] /data/wwwroot/cdb/public/../application/lang/zh-cn.php
[ info ] [ ROUTE ] array (
  'type' => 'module',
  'module' => 
  array (
    0 => '',
    1 => NULL,
    2 => NULL,
  ),
)
[ info ] [ HEADER ] array (
  'connection' => 'keep-alive',
  'accept' => '*/*',
  'user-agent' => 'Mozilla/5.0 (Macintosh; Intel Mac OS X 10.11; rv:47.0) Gecko/20100101 Firefox/47.0',
  'host' => '13.245.77.239:443',
  'content-type' => '',
  'content-length' => '',
)
[ info ] [ PARAM ] array (
)
[ info ] [ RUN ] app\index\controller\Index->index[ /data/wwwroot/cdb/application/index/controller/Index.php ]
[ info ] [ LOG ] INIT File
---------------------------------------------------------------
[ 2022-11-10T10:36:17+03:00 ] 172.31.39.51 196.201.212.69 POST /app/callback/complatedValidation
[ info ] cdb.mopawa.co.ke/app/callback/complatedValidation [运行时间：0.037928s][吞吐率：26.37req/s] [内存消耗：3,327.05kb] [文件加载：133]
[ info ] [ LANG ] /data/wwwroot/cdb/thinkphp/lang/zh-cn.php
[ info ] [ LANG ] /data/wwwroot/cdb/public/../application/lang/zh-cn.php
[ info ] [ ROUTE ] array (
  'type' => 'module',
  'module' => 
  array (
    0 => 'app',
    1 => 'callback',
    2 => 'complatedValidation',
  ),
)
[ info ] [ HEADER ] array (
  'content-length' => '438',
  'host' => 'cdb.mopawa.co.ke',
  'cache-control' => 'no-store',
  'content-type' => 'application/json;charset=UTF-8',
)
[ info ] [ PARAM ] array (
  'TransactionType' => 'Pay Bill',
  'TransID' => 'QKA2MU4PYC',
  'TransTime' => '20221110103616',
  'TransAmount' => '1.00',
  'BusinessShortCode' => '444333',
  'BillRefNumber' => '123456',
  'InvoiceNumber' => '',
  'OrgAccountBalance' => '',
  'ThirdPartyTransID' => '',
  'MSISDN' => '2547 ***** 738',
  'FirstName' => 'LEI',
)
[ info ] [ DB ] INIT mysql
[ info ] [ CACHE ] INIT redis
[ info ] [ RUN ] app\app\controller\Callback->complatedValidation[ /data/wwwroot/cdb/application/app/controller/Callback.php ]
[ info ] [ LOG ] INIT File
---------------------------------------------------------------
[ 2022-11-10T12:05:39+03:00 ] 172.31.39.51 192.241.193.148 GET /autodiscover/autodiscover.json?@zdi/Powershell
[ info ] 13.245.77.239/autodiscover/autodiscover.json?@zdi/Powershell [运行时间：0.020463s][吞吐率：48.87req/s] [内存消耗：1,919.27kb] [文件加载：114]
[ info ] [ LANG ] /data/wwwroot/cdb/thinkphp/lang/zh-cn.php
[ info ] [ LANG ] /data/wwwroot/cdb/public/../application/lang/zh-cn.php
[ info ] [ ROUTE ] array (
  'type' => 'module',
  'module' => 
  array (
    0 => 'autodiscover',
    1 => 'autodiscover.json',
    2 => NULL,
  ),
)
[ info ] [ HEADER ] array (
  'accept-encoding' => 'gzip',
  'accept' => '*/*',
  'user-agent' => 'Mozilla/5.0 zgrab/0.x',
  'host' => '13.245.77.239',
  'content-type' => '',
  'content-length' => '',
)
[ info ] [ PARAM ] array (
  '@zdi/Powershell' => '',
)
[ info ] [ LOG ] INIT File
---------------------------------------------------------------
[ 2022-11-10T12:48:18+03:00 ] 172.31.39.51 103.149.192.116 GET /
[ info ] 13.245.77.239/ [运行时间：0.020834s][吞吐率：48.00req/s] [内存消耗：1,870.26kb] [文件加载：112]
[ info ] [ LANG ] /data/wwwroot/cdb/thinkphp/lang/zh-cn.php
[ info ] [ LANG ] /data/wwwroot/cdb/public/../application/lang/zh-cn.php
[ info ] [ ROUTE ] array (
  'type' => 'module',
  'module' => 
  array (
    0 => '',
    1 => NULL,
    2 => NULL,
  ),
)
[ info ] [ HEADER ] array (
  'accept-encoding' => 'gzip',
  'accept' => '*/*',
  'user-agent' => 'Mozilla/5.0 (Windows NT 10.0; Win64; x64) AppleWebKit/537.36 (KHTML, like Gecko) Chrome/79.0.3945.130 Safari/537.36',
  'host' => '13.245.77.239',
  'content-type' => '',
  'content-length' => '',
)
[ info ] [ PARAM ] array (
)
[ info ] [ RUN ] app\index\controller\Index->index[ /data/wwwroot/cdb/application/index/controller/Index.php ]
[ info ] [ LOG ] INIT File
---------------------------------------------------------------
[ 2022-11-10T14:21:15+03:00 ] 172.31.39.51 161.97.174.99 GET /
[ info ] www.mopawa.co.ke/ [运行时间：0.021297s][吞吐率：46.96req/s] [内存消耗：1,870.03kb] [文件加载：112]
[ info ] [ LANG ] /data/wwwroot/cdb/thinkphp/lang/zh-cn.php
[ info ] [ LANG ] /data/wwwroot/cdb/public/../application/lang/zh-cn.php
[ info ] [ ROUTE ] array (
  'type' => 'module',
  'module' => 
  array (
    0 => '',
    1 => NULL,
    2 => NULL,
  ),
)
[ info ] [ HEADER ] array (
  'accept-encoding' => 'gzip',
  'referer' => 'http://44.240.60.24:80/',
  'user-agent' => 'Go-http-client/1.1',
  'host' => 'www.mopawa.co.ke',
  'content-type' => '',
  'content-length' => '',
)
[ info ] [ PARAM ] array (
)
[ info ] [ RUN ] app\index\controller\Index->index[ /data/wwwroot/cdb/application/index/controller/Index.php ]
[ info ] [ LOG ] INIT File
---------------------------------------------------------------
[ 2022-11-10T15:18:15+03:00 ] 172.31.39.51 167.94.138.45 GET /
[ info ] 13.245.77.239/ [运行时间：0.023971s][吞吐率：41.72req/s] [内存消耗：1,870.13kb] [文件加载：112]
[ info ] [ LANG ] /data/wwwroot/cdb/thinkphp/lang/zh-cn.php
[ info ] [ LANG ] /data/wwwroot/cdb/public/../application/lang/zh-cn.php
[ info ] [ ROUTE ] array (
  'type' => 'module',
  'module' => 
  array (
    0 => '',
    1 => NULL,
    2 => NULL,
  ),
)
[ info ] [ HEADER ] array (
  'accept-encoding' => 'gzip',
  'accept' => '*/*',
  'user-agent' => 'Mozilla/5.0 (compatible; CensysInspect/1.1; +https://about.censys.io/)',
  'host' => '13.245.77.239',
  'content-type' => '',
  'content-length' => '',
)
[ info ] [ PARAM ] array (
)
[ info ] [ RUN ] app\index\controller\Index->index[ /data/wwwroot/cdb/application/index/controller/Index.php ]
[ info ] [ LOG ] INIT File
---------------------------------------------------------------
[ 2022-11-10T15:18:27+03:00 ] 172.31.39.51 167.94.138.45 GET /favicon.ico
[ info ] 13.245.77.239/favicon.ico [运行时间：0.021178s][吞吐率：47.22req/s] [内存消耗：1,918.80kb] [文件加载：114]
[ info ] [ LANG ] /data/wwwroot/cdb/thinkphp/lang/zh-cn.php
[ info ] [ LANG ] /data/wwwroot/cdb/public/../application/lang/zh-cn.php
[ info ] [ ROUTE ] array (
  'type' => 'module',
  'module' => 
  array (
    0 => 'favicon.ico',
    1 => NULL,
    2 => NULL,
  ),
)
[ info ] [ HEADER ] array (
  'connection' => 'close',
  'accept-encoding' => 'gzip',
  'user-agent' => 'Mozilla/5.0 (compatible; CensysInspect/1.1; +https://about.censys.io/)',
  'host' => '13.245.77.239',
  'content-type' => '',
  'content-length' => '',
)
[ info ] [ PARAM ] array (
)
[ info ] [ LOG ] INIT File
---------------------------------------------------------------
[ 2022-11-10T16:30:23+03:00 ] 172.31.39.51 192.241.193.251 GET /actuator/health
[ info ] 13.245.77.239/actuator/health [运行时间：0.023314s][吞吐率：42.89req/s] [内存消耗：1,918.70kb] [文件加载：114]
[ info ] [ LANG ] /data/wwwroot/cdb/thinkphp/lang/zh-cn.php
[ info ] [ LANG ] /data/wwwroot/cdb/public/../application/lang/zh-cn.php
[ info ] [ ROUTE ] array (
  'type' => 'module',
  'module' => 
  array (
    0 => 'actuator',
    1 => 'health',
    2 => NULL,
  ),
)
[ info ] [ HEADER ] array (
  'accept-encoding' => 'gzip',
  'accept' => '*/*',
  'user-agent' => 'Mozilla/5.0 zgrab/0.x',
  'host' => '13.245.77.239',
  'content-type' => '',
  'content-length' => '',
)
[ info ] [ PARAM ] array (
)
[ info ] [ LOG ] INIT File
---------------------------------------------------------------
[ 2022-11-10T17:38:56+03:00 ] 172.31.39.51 188.166.238.186 GET /flu/403.html
[ info ] 13.245.77.239/flu/403.html [运行时间：0.035393s][吞吐率：28.25req/s] [内存消耗：1,919.54kb] [文件加载：114]
[ info ] [ LANG ] /data/wwwroot/cdb/thinkphp/lang/zh-cn.php
[ info ] [ LANG ] /data/wwwroot/cdb/public/../application/lang/zh-cn.php
[ info ] [ ROUTE ] array (
  'type' => 'module',
  'module' => 
  array (
    0 => 'flu',
    1 => '403',
    2 => NULL,
  ),
)
[ info ] [ HEADER ] array (
  'connection' => 'keep-alive',
  'accept' => '*/*',
  'accept-encoding' => 'gzip, deflate',
  'user-agent' => 'Mozilla/5.0 (Windows NT 10.0; Win64; x64) AppleWebKit/537.36 (KHTML, like Gecko) Chrome/74.0.3729.169 Safari/537.36',
  'host' => '13.245.77.239',
  'content-type' => '',
  'content-length' => '',
)
[ info ] [ PARAM ] array (
)
[ info ] [ LOG ] INIT File
---------------------------------------------------------------
[ 2022-11-10T17:39:01+03:00 ] 172.31.39.51 188.166.238.186 GET /
[ info ] 13.245.77.239/ [运行时间：0.021852s][吞吐率：45.76req/s] [内存消耗：1,870.78kb] [文件加载：112]
[ info ] [ LANG ] /data/wwwroot/cdb/thinkphp/lang/zh-cn.php
[ info ] [ LANG ] /data/wwwroot/cdb/public/../application/lang/zh-cn.php
[ info ] [ ROUTE ] array (
  'type' => 'module',
  'module' => 
  array (
    0 => '',
    1 => NULL,
    2 => NULL,
  ),
)
[ info ] [ HEADER ] array (
  'connection' => 'keep-alive',
  'accept' => '*/*',
  'accept-encoding' => 'gzip, deflate',
  'user-agent' => 'Mozilla/5.0 (Windows NT 10.0; Win64; x64) AppleWebKit/537.36 (KHTML, like Gecko) Chrome/74.0.3729.169 Safari/537.36',
  'host' => '13.245.77.239',
  'content-type' => '',
  'content-length' => '',
)
[ info ] [ PARAM ] array (
)
[ info ] [ RUN ] app\index\controller\Index->index[ /data/wwwroot/cdb/application/index/controller/Index.php ]
[ info ] [ LOG ] INIT File
---------------------------------------------------------------
[ 2022-11-10T18:08:25+03:00 ] 172.31.39.51 185.180.143.141 GET /
[ info ] 13.245.77.239/ [运行时间：0.020910s][吞吐率：47.82req/s] [内存消耗：1,870.26kb] [文件加载：112]
[ info ] [ LANG ] /data/wwwroot/cdb/thinkphp/lang/zh-cn.php
[ info ] [ LANG ] /data/wwwroot/cdb/public/../application/lang/zh-cn.php
[ info ] [ ROUTE ] array (
  'type' => 'module',
  'module' => 
  array (
    0 => '',
    1 => NULL,
    2 => NULL,
  ),
)
[ info ] [ HEADER ] array (
  'accept-encoding' => 'gzip',
  'accept' => '*/*',
  'user-agent' => 'Mozilla/5.0 (Windows NT 10.0; Win64; x64) AppleWebKit/537.36 (KHTML, like Gecko) Chrome/60.0.3112.113 Safari/537.36',
  'host' => '13.245.77.239',
  'content-type' => '',
  'content-length' => '',
)
[ info ] [ PARAM ] array (
)
[ info ] [ RUN ] app\index\controller\Index->index[ /data/wwwroot/cdb/application/index/controller/Index.php ]
[ info ] [ LOG ] INIT File
---------------------------------------------------------------
[ 2022-11-10T18:08:37+03:00 ] 172.31.39.51 185.180.143.141 GET /webfig/
[ info ] 13.245.77.239/webfig/ [运行时间：0.022102s][吞吐率：45.25req/s] [内存消耗：1,919.18kb] [文件加载：114]
[ info ] [ LANG ] /data/wwwroot/cdb/thinkphp/lang/zh-cn.php
[ info ] [ LANG ] /data/wwwroot/cdb/public/../application/lang/zh-cn.php
[ info ] [ ROUTE ] array (
  'type' => 'module',
  'module' => 
  array (
    0 => 'webfig',
    1 => NULL,
    2 => NULL,
  ),
)
[ info ] [ HEADER ] array (
  'accept-encoding' => 'gzip',
  'accept' => '*/*',
  'user-agent' => 'Mozilla/5.0 (Windows NT 10.0; Win64; x64) AppleWebKit/537.36 (KHTML, like Gecko) Chrome/60.0.3112.113 Safari/537.36',
  'host' => '13.245.77.239',
  'content-type' => '',
  'content-length' => '',
)
[ info ] [ PARAM ] array (
)
[ info ] [ LOG ] INIT File
---------------------------------------------------------------
[ 2022-11-10T18:08:49+03:00 ] 172.31.39.51 185.180.143.141 GET /solr/
[ info ] 13.245.77.239/solr/ [运行时间：0.022470s][吞吐率：44.50req/s] [内存消耗：1,919.16kb] [文件加载：114]
[ info ] [ LANG ] /data/wwwroot/cdb/thinkphp/lang/zh-cn.php
[ info ] [ LANG ] /data/wwwroot/cdb/public/../application/lang/zh-cn.php
[ info ] [ ROUTE ] array (
  'type' => 'module',
  'module' => 
  array (
    0 => 'solr',
    1 => NULL,
    2 => NULL,
  ),
)
[ info ] [ HEADER ] array (
  'accept-encoding' => 'gzip',
  'accept' => '*/*',
  'user-agent' => 'Mozilla/5.0 (Windows NT 10.0; Win64; x64) AppleWebKit/537.36 (KHTML, like Gecko) Chrome/60.0.3112.113 Safari/537.36',
  'host' => '13.245.77.239',
  'content-type' => '',
  'content-length' => '',
)
[ info ] [ PARAM ] array (
)
[ info ] [ LOG ] INIT File
---------------------------------------------------------------
[ 2022-11-10T18:26:47+03:00 ] 172.31.39.51 159.223.79.2 POST /
[ info ] mopawa.co.ke/ [运行时间：0.021764s][吞吐率：45.95req/s] [内存消耗：1,873.13kb] [文件加载：112]
[ info ] [ LANG ] /data/wwwroot/cdb/thinkphp/lang/zh-cn.php
[ info ] [ LANG ] /data/wwwroot/cdb/public/../application/lang/zh-cn.php
[ info ] [ ROUTE ] array (
  'type' => 'module',
  'module' => 
  array (
    0 => '',
    1 => NULL,
    2 => NULL,
  ),
)
[ info ] [ HEADER ] array (
  'content-type' => 'application/x-www-form-urlencoded',
  'content-length' => '20',
  'user-agent' => 'Mozilla/5.0 (Linux; Android 11; SAMSUNG SM-G981U1) AppleWebKit/537.36 (KHTML, like Gecko) SamsungBrowser/16.0 Chrome/92.0.4515.166 Mobile Safari/537.36',
  'accept' => '*/*',
  'accept-encoding' => 'gzip, deflate',
  'connection' => 'keep-alive',
  'host' => 'mopawa.co.ke',
)
[ info ] [ PARAM ] array (
  '0x' => 
  array (
    0 => 'androxgh0st',
  ),
)
[ info ] [ RUN ] app\index\controller\Index->index[ /data/wwwroot/cdb/application/index/controller/Index.php ]
[ info ] [ LOG ] INIT File
---------------------------------------------------------------
[ 2022-11-10T18:31:12+03:00 ] 172.31.39.51 44.201.214.59 GET /
[ info ] 13.245.77.239/ [运行时间：0.023606s][吞吐率：42.36req/s] [内存消耗：1,870.78kb] [文件加载：112]
[ info ] [ LANG ] /data/wwwroot/cdb/thinkphp/lang/zh-cn.php
[ info ] [ LANG ] /data/wwwroot/cdb/public/../application/lang/zh-cn.php
[ info ] [ ROUTE ] array (
  'type' => 'module',
  'module' => 
  array (
    0 => '',
    1 => NULL,
    2 => NULL,
  ),
)
[ info ] [ HEADER ] array (
  'connection' => 'keep-alive',
  'accept' => '*/*',
  'accept-encoding' => 'gzip, deflate',
  'user-agent' => 'Mozilla/5.0 (Windows NT 6.2;en-US) AppleWebKit/537.32.36 (KHTML, live Gecko) Chrome/56.0.3094.96 Safari/537.32',
  'host' => '13.245.77.239',
  'content-type' => '',
  'content-length' => '',
)
[ info ] [ PARAM ] array (
)
[ info ] [ RUN ] app\index\controller\Index->index[ /data/wwwroot/cdb/application/index/controller/Index.php ]
[ info ] [ LOG ] INIT File
---------------------------------------------------------------
[ 2022-11-10T19:22:15+03:00 ] 172.31.39.51 152.32.142.74 GET /
[ info ] 13.245.77.239/ [运行时间：0.021954s][吞吐率：45.55req/s] [内存消耗：1,869.45kb] [文件加载：112]
[ info ] [ LANG ] /data/wwwroot/cdb/thinkphp/lang/zh-cn.php
[ info ] [ LANG ] /data/wwwroot/cdb/public/../application/lang/zh-cn.php
[ info ] [ ROUTE ] array (
  'type' => 'module',
  'module' => 
  array (
    0 => '',
    1 => NULL,
    2 => NULL,
  ),
)
[ info ] [ HEADER ] array (
  'accept' => '*/*',
  'host' => '13.245.77.239',
  'user-agent' => 'curl/7.29.0',
  'content-type' => '',
  'content-length' => '',
)
[ info ] [ PARAM ] array (
)
[ info ] [ RUN ] app\index\controller\Index->index[ /data/wwwroot/cdb/application/index/controller/Index.php ]
[ info ] [ LOG ] INIT File
---------------------------------------------------------------
[ 2022-11-10T19:40:45+03:00 ] 172.31.39.51 196.201.213.44 POST /app/callback/complatedValidation
[ info ] cdb.mopawa.co.ke/app/callback/complatedValidation [运行时间：0.033830s][吞吐率：29.56req/s] [内存消耗：3,147.91kb] [文件加载：131]
[ info ] [ LANG ] /data/wwwroot/cdb/thinkphp/lang/zh-cn.php
[ info ] [ LANG ] /data/wwwroot/cdb/public/../application/lang/zh-cn.php
[ info ] [ ROUTE ] array (
  'type' => 'module',
  'module' => 
  array (
    0 => 'app',
    1 => 'callback',
    2 => 'complatedValidation',
  ),
)
[ info ] [ HEADER ] array (
  'content-length' => '445',
  'host' => 'cdb.mopawa.co.ke',
  'cache-control' => 'no-store',
  'content-type' => 'application/json;charset=UTF-8',
)
[ info ] [ PARAM ] array (
  'TransactionType' => 'Pay Bill',
  'TransID' => 'QKA9O88EKZ',
  'TransTime' => '20221110194044',
  'TransAmount' => '100.00',
  'BusinessShortCode' => '444333',
  'BillRefNumber' => '30840872',
  'InvoiceNumber' => '',
  'OrgAccountBalance' => '',
  'ThirdPartyTransID' => '',
  'MSISDN' => '2541 ***** 422',
  'FirstName' => 'BENARD',
)
[ info ] [ DB ] INIT mysql
[ info ] [ CACHE ] INIT redis
[ info ] [ RUN ] app\app\controller\Callback->complatedValidation[ /data/wwwroot/cdb/application/app/controller/Callback.php ]
[ info ] [ LOG ] INIT File
---------------------------------------------------------------
[ 2022-11-10T20:16:21+03:00 ] 172.31.39.51 167.248.133.46 GET /
[ info ] 13.245.77.239:443/ [运行时间：0.024880s][吞吐率：40.19req/s] [内存消耗：1,869.05kb] [文件加载：112]
[ info ] [ LANG ] /data/wwwroot/cdb/thinkphp/lang/zh-cn.php
[ info ] [ LANG ] /data/wwwroot/cdb/public/../application/lang/zh-cn.php
[ info ] [ ROUTE ] array (
  'type' => 'module',
  'module' => 
  array (
    0 => '',
    1 => NULL,
    2 => NULL,
  ),
)
[ info ] [ HEADER ] array (
  'host' => '13.245.77.239:443',
  'content-type' => '',
  'content-length' => '',
)
[ info ] [ PARAM ] array (
)
[ info ] [ RUN ] app\index\controller\Index->index[ /data/wwwroot/cdb/application/index/controller/Index.php ]
[ info ] [ LOG ] INIT File
---------------------------------------------------------------
[ 2022-11-10T20:16:22+03:00 ] 172.31.39.51 167.248.133.46 GET /
[ info ] 13.245.77.239/ [运行时间：0.020842s][吞吐率：47.98req/s] [内存消耗：1,870.13kb] [文件加载：112]
[ info ] [ LANG ] /data/wwwroot/cdb/thinkphp/lang/zh-cn.php
[ info ] [ LANG ] /data/wwwroot/cdb/public/../application/lang/zh-cn.php
[ info ] [ ROUTE ] array (
  'type' => 'module',
  'module' => 
  array (
    0 => '',
    1 => NULL,
    2 => NULL,
  ),
)
[ info ] [ HEADER ] array (
  'accept-encoding' => 'gzip',
  'accept' => '*/*',
  'user-agent' => 'Mozilla/5.0 (compatible; CensysInspect/1.1; +https://about.censys.io/)',
  'host' => '13.245.77.239',
  'content-type' => '',
  'content-length' => '',
)
[ info ] [ PARAM ] array (
)
[ info ] [ RUN ] app\index\controller\Index->index[ /data/wwwroot/cdb/application/index/controller/Index.php ]
[ info ] [ LOG ] INIT File
---------------------------------------------------------------
[ 2022-11-10T20:16:23+03:00 ] 172.31.39.51 167.248.133.46 GET /favicon.ico
[ info ] 13.245.77.239/favicon.ico [运行时间：0.023850s][吞吐率：41.93req/s] [内存消耗：1,918.80kb] [文件加载：114]
[ info ] [ LANG ] /data/wwwroot/cdb/thinkphp/lang/zh-cn.php
[ info ] [ LANG ] /data/wwwroot/cdb/public/../application/lang/zh-cn.php
[ info ] [ ROUTE ] array (
  'type' => 'module',
  'module' => 
  array (
    0 => 'favicon.ico',
    1 => NULL,
    2 => NULL,
  ),
)
[ info ] [ HEADER ] array (
  'connection' => 'close',
  'accept-encoding' => 'gzip',
  'user-agent' => 'Mozilla/5.0 (compatible; CensysInspect/1.1; +https://about.censys.io/)',
  'host' => '13.245.77.239',
  'content-type' => '',
  'content-length' => '',
)
[ info ] [ PARAM ] array (
)
[ info ] [ LOG ] INIT File
---------------------------------------------------------------
[ 2022-11-10T20:38:02+03:00 ] 172.31.39.51 123.57.13.121 GET /
[ info ] www.mopawa.co.ke/ [运行时间：0.024127s][吞吐率：41.45req/s] [内存消耗：1,870.79kb] [文件加载：112]
[ info ] [ LANG ] /data/wwwroot/cdb/thinkphp/lang/zh-cn.php
[ info ] [ LANG ] /data/wwwroot/cdb/public/../application/lang/zh-cn.php
[ info ] [ ROUTE ] array (
  'type' => 'module',
  'module' => 
  array (
    0 => '',
    1 => NULL,
    2 => NULL,
  ),
)
[ info ] [ HEADER ] array (
  'connection' => 'close',
  'accept' => '*/*',
  'accept-encoding' => 'gzip, deflate',
  'user-agent' => 'Mozilla/5.0 (Windows NT 10.0; Win64; x64) AppleWebKit/537.36 (KHTML, like Gecko) Chrome/99.0.4844.82 Safari/537.36',
  'host' => 'www.mopawa.co.ke',
  'content-type' => '',
  'content-length' => '',
)
[ info ] [ PARAM ] array (
)
[ info ] [ RUN ] app\index\controller\Index->index[ /data/wwwroot/cdb/application/index/controller/Index.php ]
[ info ] [ LOG ] INIT File
---------------------------------------------------------------
[ 2022-11-10T20:55:25+03:00 ] 172.31.39.51 23.251.102.90 GET /
[ info ] 13.245.77.239/ [运行时间：0.020963s][吞吐率：47.70req/s] [内存消耗：1,870.26kb] [文件加载：112]
[ info ] [ LANG ] /data/wwwroot/cdb/thinkphp/lang/zh-cn.php
[ info ] [ LANG ] /data/wwwroot/cdb/public/../application/lang/zh-cn.php
[ info ] [ ROUTE ] array (
  'type' => 'module',
  'module' => 
  array (
    0 => '',
    1 => NULL,
    2 => NULL,
  ),
)
[ info ] [ HEADER ] array (
  'accept-encoding' => 'gzip',
  'accept' => '*/*',
  'user-agent' => 'Mozilla/5.0 (Windows NT 10.0; Win64; x64) AppleWebKit/537.36 (KHTML, like Gecko) Chrome/60.0.3112.113 Safari/537.36',
  'host' => '13.245.77.239',
  'content-type' => '',
  'content-length' => '',
)
[ info ] [ PARAM ] array (
)
[ info ] [ RUN ] app\index\controller\Index->index[ /data/wwwroot/cdb/application/index/controller/Index.php ]
[ info ] [ LOG ] INIT File
---------------------------------------------------------------
[ 2022-11-10T21:27:24+03:00 ] 172.31.39.51 89.248.168.222 GET /
[ info ] mopawa.co.ke/ [运行时间：0.024861s][吞吐率：40.22req/s] [内存消耗：1,869.45kb] [文件加载：112]
[ info ] [ LANG ] /data/wwwroot/cdb/thinkphp/lang/zh-cn.php
[ info ] [ LANG ] /data/wwwroot/cdb/public/../application/lang/zh-cn.php
[ info ] [ ROUTE ] array (
  'type' => 'module',
  'module' => 
  array (
    0 => '',
    1 => NULL,
    2 => NULL,
  ),
)
[ info ] [ HEADER ] array (
  'accept' => '*/*',
  'user-agent' => 'curl/7.68.0',
  'host' => 'mopawa.co.ke',
  'content-type' => '',
  'content-length' => '',
)
[ info ] [ PARAM ] array (
)
[ info ] [ RUN ] app\index\controller\Index->index[ /data/wwwroot/cdb/application/index/controller/Index.php ]
[ info ] [ LOG ] INIT File
---------------------------------------------------------------
[ 2022-11-10T21:27:26+03:00 ] 172.31.39.51 89.248.168.222 GET /
[ info ] www.mopawa.co.ke/ [运行时间：0.023358s][吞吐率：42.81req/s] [内存消耗：1,869.48kb] [文件加载：112]
[ info ] [ LANG ] /data/wwwroot/cdb/thinkphp/lang/zh-cn.php
[ info ] [ LANG ] /data/wwwroot/cdb/public/../application/lang/zh-cn.php
[ info ] [ ROUTE ] array (
  'type' => 'module',
  'module' => 
  array (
    0 => '',
    1 => NULL,
    2 => NULL,
  ),
)
[ info ] [ HEADER ] array (
  'accept' => '*/*',
  'user-agent' => 'curl/7.68.0',
  'host' => 'www.mopawa.co.ke',
  'content-type' => '',
  'content-length' => '',
)
[ info ] [ PARAM ] array (
)
[ info ] [ RUN ] app\index\controller\Index->index[ /data/wwwroot/cdb/application/index/controller/Index.php ]
[ info ] [ LOG ] INIT File
---------------------------------------------------------------
[ 2022-11-10T21:43:38+03:00 ] 172.31.39.51 94.102.61.10 GET /
[ info ] www.mopawa.co.ke/ [运行时间：0.024608s][吞吐率：40.64req/s] [内存消耗：1,870.80kb] [文件加载：112]
[ info ] [ LANG ] /data/wwwroot/cdb/thinkphp/lang/zh-cn.php
[ info ] [ LANG ] /data/wwwroot/cdb/public/../application/lang/zh-cn.php
[ info ] [ ROUTE ] array (
  'type' => 'module',
  'module' => 
  array (
    0 => '',
    1 => NULL,
    2 => NULL,
  ),
)
[ info ] [ HEADER ] array (
  'accept-encoding' => 'gzip',
  'referer' => 'http://44.240.60.24:80/',
  'accept' => '*/*',
  'user-agent' => 'Mozilla/5.0 (Windows NT 10.0; Win64; x64) AppleWebKit/537.36 (KHTML, like Gecko) Chrome/88.0.4324.190 Safari/537.36',
  'host' => 'www.mopawa.co.ke',
  'content-type' => '',
  'content-length' => '',
)
[ info ] [ PARAM ] array (
)
[ info ] [ RUN ] app\index\controller\Index->index[ /data/wwwroot/cdb/application/index/controller/Index.php ]
[ info ] [ LOG ] INIT File
---------------------------------------------------------------
[ 2022-11-10T23:10:57+03:00 ] 172.31.39.51 162.221.192.90 GET /
[ info ] www.mopawa.co.ke/ [运行时间：0.021786s][吞吐率：45.90req/s] [内存消耗：1,870.80kb] [文件加载：112]
[ info ] [ LANG ] /data/wwwroot/cdb/thinkphp/lang/zh-cn.php
[ info ] [ LANG ] /data/wwwroot/cdb/public/../application/lang/zh-cn.php
[ info ] [ ROUTE ] array (
  'type' => 'module',
  'module' => 
  array (
    0 => '',
    1 => NULL,
    2 => NULL,
  ),
)
[ info ] [ HEADER ] array (
  'accept-encoding' => 'gzip',
  'referer' => 'http://44.240.60.24/',
  'accept' => '*/*',
  'user-agent' => 'Mozilla/5.0 (Windows NT 10.0; Win64; x64) AppleWebKit/537.36 (KHTML, like Gecko) Chrome/60.0.3112.113 Safari/537.36',
  'host' => 'www.mopawa.co.ke',
  'content-type' => '',
  'content-length' => '',
)
[ info ] [ PARAM ] array (
)
[ info ] [ RUN ] app\index\controller\Index->index[ /data/wwwroot/cdb/application/index/controller/Index.php ]
[ info ] [ LOG ] INIT File
